<!DOCTYPE html PUBLIC "-//W3C//DTD XHTML 1.1//EN" "https://www.w3.org/TR/xhtml11/DTD/xhtml11.dtd">
<html xmlns="https://www.w3.org/1999/xhtml">
<head>
<meta http-equiv="content-type" content="text/html; charset=UTF-8"/>
<title>TestNG Report</title>
<style type="text/css">table {margin-bottom:10px;border-collapse:collapse;empty-cells:show}th,td {border:1px solid #009;padding:.25em .5em}th {vertical-align:bottom}td {vertical-align:top}table a {font-weight:bold}.stripe td {background-color: #E6EBF9}.num {text-align:right}.passedodd td {background-color: #3F3}.passedeven td {background-color: #0A0}.skippedodd td {background-color: #DDD}.skippedeven td {background-color: #CCC}.failedodd td,.attn {background-color: #F33}.failedeven td,.stripe .attn {background-color: #D00}.stacktrace {white-space:pre;font-family:monospace}.totop {font-size:85%;text-align:center;border-bottom:2px solid #000}.invisible {display:none}</style>
</head>
<body>
<table>
<tr><th>Test</th><th># Passed</th><th># Skipped</th><th># Retried</th><th># Failed</th><th>Time (ms)</th><th>Included Groups</th><th>Excluded Groups</th></tr>
<tr><th colspan="8">demoqa</th></tr>
<tr><td><a href="#t0">TestBox</a></td><td class="num">3</td><td class="num">0</td><td class="num">0</td><td class="num attn">2</td><td class="num">19,843</td><td>regression</td><td></td></tr>
</table>
<table id='summary'><thead><tr><th>Class</th><th>Method</th><th>Start</th><th>Time (ms)</th></tr></thead><tbody><tr><th colspan="4">demoqa</th></tr></tbody><tbody id="t0"><tr><th colspan="4">TestBox &#8212; failed</th></tr><tr class="failedeven"><td rowspan="2">testcacses.TextBox_0001_Test</td><td><a href="#m0">textBox_Fill_The_Form_And_Print</a></td><td rowspan="2">1694974544769</td><td rowspan="2">965</td></tr><tr class="failedeven"><td><a href="#m1">textBox_Fill_The_Form_And_Print</a></td></tr><tr><th colspan="4">TestBox &#8212; passed</th></tr><tr class="passedeven"><td rowspan="1">testcacses.OpenBrowserAndURL</td><td><a href="#m2">openBrowserAndURL</a></td><td rowspan="1">1694974527197</td><td rowspan="1">13142</td></tr><tr class="passedodd"><td rowspan="2">testcacses.TextBox_0001_Test</td><td><a href="#m3">teardown</a></td><td rowspan="1">1694974546351</td><td rowspan="1">525</td></tr><tr class="passedodd"><td><a href="#m4">textBox_Link_Click</a></td><td rowspan="1">1694974541324</td><td rowspan="1">1573</td></tr></tbody>
</table>
<h2>TestBox</h2><h3 id="m0">testcacses.TextBox_0001_Test#textBox_Fill_The_Form_And_Print</h3><table class="result"><tr class="param"><th>Parameter #1</th></tr><tr class="param stripe"><td>{paddress=1234567899, email=def@gmail.com, caddress=dsd9@09, fname=def}</td></tr><tr><th>Messages</th></tr><tr><td><div class="messages">Click to see Screenshot<br/><a target="_blank" href=Sun_Sep_17_23_45_46_IST_2023.jpg>Screenshot</a><br/><br><br/><br><br/><a target="_blank" href=Sun_Sep_17_23_45_46_IST_2023.jpg><img src=Sun_Sep_17_23_45_46_IST_2023.jpg height=200 width=200></img></a></div></td></tr><tr><th>Exception</th></tr><tr><td><div class="stacktrace">java.lang.AssertionError: expected [false] but found [true]
	at pages.TextBox_0001_Page.textbox_Fill_The_Form_And_Print(TextBox_0001_Page.java:25)
	at testcacses.TextBox_0001_Test.textBox_Fill_The_Form_And_Print(TextBox_0001_Test.java:22)
	at java.base/java.util.ArrayList.forEach(ArrayList.java:1511)
... Removed 35 stack frames</div></td></tr></table><p class="totop"><a href="#summary">back to summary</a></p>
<h3 id="m1">testcacses.TextBox_0001_Test#textBox_Fill_The_Form_And_Print</h3><table class="result"><tr class="param"><th>Parameter #1</th></tr><tr class="param stripe"><td>{paddress=12345678, email=abc@gmail.com, caddress=ab:3737, fname=abc}</td></tr><tr><th>Messages</th></tr><tr><td><div class="messages">Click to see Screenshot<br/><a target="_blank" href=Sun_Sep_17_23_45_44_IST_2023.jpg>Screenshot</a><br/><br><br/><br><br/><a target="_blank" href=Sun_Sep_17_23_45_44_IST_2023.jpg><img src=Sun_Sep_17_23_45_44_IST_2023.jpg height=200 width=200></img></a></div></td></tr><tr><th>Exception</th></tr><tr><td><div class="stacktrace">java.lang.AssertionError: expected [false] but found [true]
	at pages.TextBox_0001_Page.textbox_Fill_The_Form_And_Print(TextBox_0001_Page.java:25)
	at testcacses.TextBox_0001_Test.textBox_Fill_The_Form_And_Print(TextBox_0001_Test.java:22)
	at java.base/java.util.ArrayList.forEach(ArrayList.java:1511)
... Removed 35 stack frames</div></td></tr></table><p class="totop"><a href="#summary">back to summary</a></p>
<h3 id="m2">testcacses.OpenBrowserAndURL#openBrowserAndURL</h3><table class="result"><tr><th class="invisible"/></tr></table><p class="totop"><a href="#summary">back to summary</a></p>
<h3 id="m3">testcacses.TextBox_0001_Test#teardown</h3><table class="result"><tr><th class="invisible"/></tr></table><p class="totop"><a href="#summary">back to summary</a></p>
<h3 id="m4">testcacses.TextBox_0001_Test#textBox_Link_Click</h3><table class="result"><tr><th class="invisible"/></tr></table><p class="totop"><a href="#summary">back to summary</a></p>
</body>
</html>
