<?xml version="1.0" encoding="UTF-8"?>
<testng-results ignored="0" total="5" passed="3" failed="2" skipped="0">
  <reporter-output>
    <line>
      <![CDATA[Click to see Screenshot]]>
    </line>
    <line>
      <![CDATA[<a target="_blank" href=Sun_Sep_17_23_45_44_IST_2023.jpg>Screenshot</a>]]>
    </line>
    <line>
      <![CDATA[<br>]]>
    </line>
    <line>
      <![CDATA[<br>]]>
    </line>
    <line>
      <![CDATA[<a target="_blank" href=Sun_Sep_17_23_45_44_IST_2023.jpg><img src=Sun_Sep_17_23_45_44_IST_2023.jpg height=200 width=200></img></a>]]>
    </line>
    <line>
      <![CDATA[Click to see Screenshot]]>
    </line>
    <line>
      <![CDATA[<a target="_blank" href=Sun_Sep_17_23_45_46_IST_2023.jpg>Screenshot</a>]]>
    </line>
    <line>
      <![CDATA[<br>]]>
    </line>
    <line>
      <![CDATA[<br>]]>
    </line>
    <line>
      <![CDATA[<a target="_blank" href=Sun_Sep_17_23_45_46_IST_2023.jpg><img src=Sun_Sep_17_23_45_46_IST_2023.jpg height=200 width=200></img></a>]]>
    </line>
  </reporter-output>
  <suite started-at="2023-09-17T23:45:27 IST" name="demoqa" finished-at="2023-09-17T23:45:46 IST" duration-ms="19843">
    <groups>
      <group name="functional">
        <method signature="OpenBrowserAndURL.openBrowserAndURL()[pri:0, instance:testcacses.OpenBrowserAndURL@636e8cc]" name="openBrowserAndURL" class="testcacses.OpenBrowserAndURL"/>
      </group> <!-- functional -->
      <group name="regression">
        <method signature="OpenBrowserAndURL.openBrowserAndURL()[pri:0, instance:testcacses.OpenBrowserAndURL@636e8cc]" name="openBrowserAndURL" class="testcacses.OpenBrowserAndURL"/>
        <method signature="TextBox_0001_Test.textBox_Link_Click()[pri:1, instance:testcacses.TextBox_0001_Test@1bb1fde8]" name="textBox_Link_Click" class="testcacses.TextBox_0001_Test"/>
        <method signature="TextBox_0001_Test.textBox_Fill_The_Form_And_Print(java.util.Hashtable)[pri:2, instance:testcacses.TextBox_0001_Test@1bb1fde8]" name="textBox_Fill_The_Form_And_Print" class="testcacses.TextBox_0001_Test"/>
        <method signature="TextBox_0001_Test.teardown()[pri:3, instance:testcacses.TextBox_0001_Test@1bb1fde8]" name="teardown" class="testcacses.TextBox_0001_Test"/>
      </group> <!-- regression -->
      <group name="smoke">
        <method signature="OpenBrowserAndURL.openBrowserAndURL()[pri:0, instance:testcacses.OpenBrowserAndURL@636e8cc]" name="openBrowserAndURL" class="testcacses.OpenBrowserAndURL"/>
        <method signature="TextBox_0001_Test.textBox_Link_Click()[pri:1, instance:testcacses.TextBox_0001_Test@1bb1fde8]" name="textBox_Link_Click" class="testcacses.TextBox_0001_Test"/>
        <method signature="TextBox_0001_Test.textBox_Fill_The_Form_And_Print(java.util.Hashtable)[pri:2, instance:testcacses.TextBox_0001_Test@1bb1fde8]" name="textBox_Fill_The_Form_And_Print" class="testcacses.TextBox_0001_Test"/>
        <method signature="TextBox_0001_Test.teardown()[pri:3, instance:testcacses.TextBox_0001_Test@1bb1fde8]" name="teardown" class="testcacses.TextBox_0001_Test"/>
      </group> <!-- smoke -->
      <group name="sanity">
        <method signature="OpenBrowserAndURL.openBrowserAndURL()[pri:0, instance:testcacses.OpenBrowserAndURL@636e8cc]" name="openBrowserAndURL" class="testcacses.OpenBrowserAndURL"/>
      </group> <!-- sanity -->
    </groups>
    <test started-at="2023-09-17T23:45:27 IST" name="TestBox" finished-at="2023-09-17T23:45:46 IST" duration-ms="19843">
      <class name="testcacses.OpenBrowserAndURL">
        <test-method signature="openBrowserAndURL()[pri:0, instance:testcacses.OpenBrowserAndURL@636e8cc]" started-at="2023-09-17T23:45:27 IST" name="openBrowserAndURL" finished-at="2023-09-17T23:45:40 IST" duration-ms="13142" status="PASS">
          <reporter-output>
          </reporter-output>
        </test-method> <!-- openBrowserAndURL -->
      </class> <!-- testcacses.OpenBrowserAndURL -->
      <class name="testcacses.TextBox_0001_Test">
        <test-method signature="textBox_Link_Click()[pri:1, instance:testcacses.TextBox_0001_Test@1bb1fde8]" started-at="2023-09-17T23:45:41 IST" name="textBox_Link_Click" finished-at="2023-09-17T23:45:42 IST" duration-ms="1573" status="PASS">
          <reporter-output>
          </reporter-output>
        </test-method> <!-- textBox_Link_Click -->
        <test-method signature="textBox_Fill_The_Form_And_Print(java.util.Hashtable)[pri:2, instance:testcacses.TextBox_0001_Test@1bb1fde8]" started-at="2023-09-17T23:45:43 IST" name="textBox_Fill_The_Form_And_Print" data-provider="DemoQAdata" finished-at="2023-09-17T23:45:44 IST" duration-ms="981" status="FAIL">
          <params>
            <param index="0">
              <value>
                <![CDATA[{paddress=12345678, email=abc@gmail.com, caddress=ab:3737, fname=abc}]]>
              </value>
            </param>
          </params>
          <exception class="java.lang.AssertionError">
            <message>
              <![CDATA[expected [false] but found [true]]]>
            </message>
            <full-stacktrace>
              <![CDATA[java.lang.AssertionError: expected [false] but found [true]
at org.testng.Assert.fail(Assert.java:111)
at org.testng.Assert.failNotEquals(Assert.java:1578)
at org.testng.Assert.assertFalse(Assert.java:79)
at org.testng.Assert.assertFalse(Assert.java:89)
at pages.TextBox_0001_Page.textbox_Fill_The_Form_And_Print(TextBox_0001_Page.java:25)
at testcacses.TextBox_0001_Test.textBox_Fill_The_Form_And_Print(TextBox_0001_Test.java:22)
at java.base/jdk.internal.reflect.NativeMethodAccessorImpl.invoke0(Native Method)
at java.base/jdk.internal.reflect.NativeMethodAccessorImpl.invoke(NativeMethodAccessorImpl.java:77)
at java.base/jdk.internal.reflect.DelegatingMethodAccessorImpl.invoke(DelegatingMethodAccessorImpl.java:43)
at java.base/java.lang.reflect.Method.invoke(Method.java:568)
at org.testng.internal.invokers.MethodInvocationHelper.invokeMethod(MethodInvocationHelper.java:139)
at org.testng.internal.invokers.TestInvoker.invokeMethod(TestInvoker.java:664)
at org.testng.internal.invokers.TestInvoker.invokeTestMethod(TestInvoker.java:227)
at org.testng.internal.invokers.MethodRunner.runInSequence(MethodRunner.java:50)
at org.testng.internal.invokers.TestInvoker$MethodInvocationAgent.invoke(TestInvoker.java:957)
at org.testng.internal.invokers.TestInvoker.invokeTestMethods(TestInvoker.java:200)
at org.testng.internal.invokers.TestMethodWorker.invokeTestMethods(TestMethodWorker.java:148)
at org.testng.internal.invokers.TestMethodWorker.run(TestMethodWorker.java:128)
at java.base/java.util.ArrayList.forEach(ArrayList.java:1511)
at org.testng.TestRunner.privateRun(TestRunner.java:848)
at org.testng.TestRunner.run(TestRunner.java:621)
at org.testng.SuiteRunner.runTest(SuiteRunner.java:443)
at org.testng.SuiteRunner.runSequentially(SuiteRunner.java:437)
at org.testng.SuiteRunner.privateRun(SuiteRunner.java:397)
at org.testng.SuiteRunner.run(SuiteRunner.java:336)
at org.testng.SuiteRunnerWorker.runSuite(SuiteRunnerWorker.java:52)
at org.testng.SuiteRunnerWorker.run(SuiteRunnerWorker.java:95)
at org.testng.TestNG.runSuitesSequentially(TestNG.java:1280)
at org.testng.TestNG.runSuitesLocally(TestNG.java:1200)
at org.testng.TestNG.runSuites(TestNG.java:1114)
at org.testng.TestNG.run(TestNG.java:1082)
at org.apache.maven.surefire.testng.TestNGExecutor.run(TestNGExecutor.java:284)
at org.apache.maven.surefire.testng.TestNGXmlTestSuite.execute(TestNGXmlTestSuite.java:75)
at org.apache.maven.surefire.testng.TestNGProvider.invoke(TestNGProvider.java:119)
at org.apache.maven.surefire.booter.ForkedBooter.runSuitesInProcess(ForkedBooter.java:428)
at org.apache.maven.surefire.booter.ForkedBooter.execute(ForkedBooter.java:162)
at org.apache.maven.surefire.booter.ForkedBooter.run(ForkedBooter.java:562)
at org.apache.maven.surefire.booter.ForkedBooter.main(ForkedBooter.java:548)
]]>
            </full-stacktrace>
          </exception> <!-- java.lang.AssertionError -->
          <reporter-output>
            <line>
              <![CDATA[Click to see Screenshot]]>
            </line>
            <line>
              <![CDATA[<a target="_blank" href=Sun_Sep_17_23_45_44_IST_2023.jpg>Screenshot</a>]]>
            </line>
            <line>
              <![CDATA[<br>]]>
            </line>
            <line>
              <![CDATA[<br>]]>
            </line>
            <line>
              <![CDATA[<a target="_blank" href=Sun_Sep_17_23_45_44_IST_2023.jpg><img src=Sun_Sep_17_23_45_44_IST_2023.jpg height=200 width=200></img></a>]]>
            </line>
          </reporter-output>
        </test-method> <!-- textBox_Fill_The_Form_And_Print -->
        <test-method signature="textBox_Fill_The_Form_And_Print(java.util.Hashtable)[pri:2, instance:testcacses.TextBox_0001_Test@1bb1fde8]" started-at="2023-09-17T23:45:44 IST" name="textBox_Fill_The_Form_And_Print" data-provider="DemoQAdata" finished-at="2023-09-17T23:45:45 IST" duration-ms="965" status="FAIL">
          <params>
            <param index="0">
              <value>
                <![CDATA[{paddress=1234567899, email=def@gmail.com, caddress=dsd9@09, fname=def}]]>
              </value>
            </param>
          </params>
          <exception class="java.lang.AssertionError">
            <message>
              <![CDATA[expected [false] but found [true]]]>
            </message>
            <full-stacktrace>
              <![CDATA[java.lang.AssertionError: expected [false] but found [true]
at org.testng.Assert.fail(Assert.java:111)
at org.testng.Assert.failNotEquals(Assert.java:1578)
at org.testng.Assert.assertFalse(Assert.java:79)
at org.testng.Assert.assertFalse(Assert.java:89)
at pages.TextBox_0001_Page.textbox_Fill_The_Form_And_Print(TextBox_0001_Page.java:25)
at testcacses.TextBox_0001_Test.textBox_Fill_The_Form_And_Print(TextBox_0001_Test.java:22)
at java.base/jdk.internal.reflect.NativeMethodAccessorImpl.invoke0(Native Method)
at java.base/jdk.internal.reflect.NativeMethodAccessorImpl.invoke(NativeMethodAccessorImpl.java:77)
at java.base/jdk.internal.reflect.DelegatingMethodAccessorImpl.invoke(DelegatingMethodAccessorImpl.java:43)
at java.base/java.lang.reflect.Method.invoke(Method.java:568)
at org.testng.internal.invokers.MethodInvocationHelper.invokeMethod(MethodInvocationHelper.java:139)
at org.testng.internal.invokers.TestInvoker.invokeMethod(TestInvoker.java:664)
at org.testng.internal.invokers.TestInvoker.invokeTestMethod(TestInvoker.java:227)
at org.testng.internal.invokers.MethodRunner.runInSequence(MethodRunner.java:50)
at org.testng.internal.invokers.TestInvoker$MethodInvocationAgent.invoke(TestInvoker.java:957)
at org.testng.internal.invokers.TestInvoker.invokeTestMethods(TestInvoker.java:200)
at org.testng.internal.invokers.TestMethodWorker.invokeTestMethods(TestMethodWorker.java:148)
at org.testng.internal.invokers.TestMethodWorker.run(TestMethodWorker.java:128)
at java.base/java.util.ArrayList.forEach(ArrayList.java:1511)
at org.testng.TestRunner.privateRun(TestRunner.java:848)
at org.testng.TestRunner.run(TestRunner.java:621)
at org.testng.SuiteRunner.runTest(SuiteRunner.java:443)
at org.testng.SuiteRunner.runSequentially(SuiteRunner.java:437)
at org.testng.SuiteRunner.privateRun(SuiteRunner.java:397)
at org.testng.SuiteRunner.run(SuiteRunner.java:336)
at org.testng.SuiteRunnerWorker.runSuite(SuiteRunnerWorker.java:52)
at org.testng.SuiteRunnerWorker.run(SuiteRunnerWorker.java:95)
at org.testng.TestNG.runSuitesSequentially(TestNG.java:1280)
at org.testng.TestNG.runSuitesLocally(TestNG.java:1200)
at org.testng.TestNG.runSuites(TestNG.java:1114)
at org.testng.TestNG.run(TestNG.java:1082)
at org.apache.maven.surefire.testng.TestNGExecutor.run(TestNGExecutor.java:284)
at org.apache.maven.surefire.testng.TestNGXmlTestSuite.execute(TestNGXmlTestSuite.java:75)
at org.apache.maven.surefire.testng.TestNGProvider.invoke(TestNGProvider.java:119)
at org.apache.maven.surefire.booter.ForkedBooter.runSuitesInProcess(ForkedBooter.java:428)
at org.apache.maven.surefire.booter.ForkedBooter.execute(ForkedBooter.java:162)
at org.apache.maven.surefire.booter.ForkedBooter.run(ForkedBooter.java:562)
at org.apache.maven.surefire.booter.ForkedBooter.main(ForkedBooter.java:548)
]]>
            </full-stacktrace>
          </exception> <!-- java.lang.AssertionError -->
          <reporter-output>
            <line>
              <![CDATA[Click to see Screenshot]]>
            </line>
            <line>
              <![CDATA[<a target="_blank" href=Sun_Sep_17_23_45_46_IST_2023.jpg>Screenshot</a>]]>
            </line>
            <line>
              <![CDATA[<br>]]>
            </line>
            <line>
              <![CDATA[<br>]]>
            </line>
            <line>
              <![CDATA[<a target="_blank" href=Sun_Sep_17_23_45_46_IST_2023.jpg><img src=Sun_Sep_17_23_45_46_IST_2023.jpg height=200 width=200></img></a>]]>
            </line>
          </reporter-output>
        </test-method> <!-- textBox_Fill_The_Form_And_Print -->
        <test-method signature="teardown()[pri:3, instance:testcacses.TextBox_0001_Test@1bb1fde8]" started-at="2023-09-17T23:45:46 IST" name="teardown" finished-at="2023-09-17T23:45:46 IST" duration-ms="525" status="PASS">
          <reporter-output>
          </reporter-output>
        </test-method> <!-- teardown -->
      </class> <!-- testcacses.TextBox_0001_Test -->
    </test> <!-- TestBox -->
  </suite> <!-- demoqa -->
</testng-results>
